<?xml version="1.0" encoding="UTF-8"?>
<!-- Generated by org.testng.reporters.JUnitReportReporter -->
<testsuite skipped="0" hostname="DESKTOP-ICKQOFK" name="Academy.E2EProject.HomePage" tests="2" failures="0" timestamp="17 Aug 2020 06:58:14 GMT" time="19.094" errors="0">
  <testcase name="basePageNavigation" time="15.884" classname="Academy.E2EProject.HomePage"/>
  <testcase name="basePageNavigation" time="3.210" classname="Academy.E2EProject.HomePage"/>
</testsuite> <!-- Academy.E2EProject.HomePage -->
